<?xml version="1.0" encoding="UTF-8"?>
<coverage generated="1564080323372" clover="3.2.0">
  <project timestamp="1564080323372" name="All files">
    <metrics statements="38" coveredstatements="22" conditionals="9" coveredconditionals="3" methods="18" coveredmethods="7" elements="65" coveredelements="32" complexity="0" loc="38" ncloc="38" packages="2" files="4" classes="4"/>
    <package name="extension.app.components">
      <metrics statements="6" coveredstatements="5" conditionals="2" coveredconditionals="2" methods="3" coveredmethods="2"/>
      <file name="Action.jsx" path="/Users/joshuakim/codesmith/react-time-travel/extension/app/components/Action.jsx">
        <metrics statements="6" coveredstatements="5" conditionals="2" coveredconditionals="2" methods="3" coveredmethods="2"/>
        <line num="4" count="1" type="stmt"/>
        <line num="7" count="7" type="stmt"/>
        <line num="8" count="7" type="stmt"/>
        <line num="12" count="0" type="stmt"/>
        <line num="16" count="1" type="stmt"/>
        <line num="21" count="1" type="stmt"/>
      </file>
    </package>
    <package name="package">
      <metrics statements="32" coveredstatements="17" conditionals="7" coveredconditionals="1" methods="15" coveredmethods="5"/>
      <file name="index.js" path="/Users/joshuakim/codesmith/react-time-travel/package/index.js">
        <metrics statements="9" coveredstatements="9" conditionals="2" coveredconditionals="1" methods="3" coveredmethods="1"/>
        <line num="1" count="1" type="stmt"/>
        <line num="2" count="1" type="stmt"/>
        <line num="4" count="1" type="stmt"/>
        <line num="5" count="1" type="stmt"/>
        <line num="7" count="1" type="stmt"/>
        <line num="9" count="1" type="stmt"/>
        <line num="10" count="10" type="cond" truecount="1" falsecount="1"/>
        <line num="11" count="10" type="stmt"/>
        <line num="15" count="1" type="stmt"/>
      </file>
      <file name="linkState.js" path="/Users/joshuakim/codesmith/react-time-travel/package/linkState.js">
        <metrics statements="17" coveredstatements="2" conditionals="5" coveredconditionals="0" methods="9" coveredmethods="1"/>
        <line num="4" count="1" type="stmt"/>
        <line num="8" count="0" type="cond" truecount="0" falsecount="2"/>
        <line num="9" count="0" type="stmt"/>
        <line num="10" count="0" type="stmt"/>
        <line num="16" count="1" type="stmt"/>
        <line num="18" count="0" type="stmt"/>
        <line num="21" count="0" type="stmt"/>
        <line num="22" count="0" type="stmt"/>
        <line num="26" count="0" type="stmt"/>
        <line num="28" count="0" type="stmt"/>
        <line num="31" count="0" type="cond" truecount="0" falsecount="2"/>
        <line num="32" count="0" type="stmt"/>
        <line num="33" count="0" type="stmt"/>
        <line num="37" count="0" type="stmt"/>
        <line num="38" count="0" type="stmt"/>
        <line num="39" count="0" type="stmt"/>
        <line num="44" count="0" type="stmt"/>
      </file>
      <file name="timeJump.js" path="/Users/joshuakim/codesmith/react-time-travel/package/timeJump.js">
        <metrics statements="6" coveredstatements="6" conditionals="0" coveredconditionals="0" methods="3" coveredmethods="3"/>
        <line num="1" count="1" type="stmt"/>
        <line num="2" count="3" type="stmt"/>
        <line num="3" count="12" type="stmt"/>
        <line num="4" count="12" type="stmt"/>
        <line num="5" count="36" type="stmt"/>
        <line num="7" count="12" type="stmt"/>
      </file>
    </package>
  </project>
</coverage>
