TN:
SF:/Users/joshuakim/codesmith/react-time-travel/extension/app/components/Action.jsx
FN:4,(anonymous_0)
FN:11,(anonymous_1)
FN:16,(anonymous_2)
FNF:3
FNH:2
FNDA:7,(anonymous_0)
FNDA:0,(anonymous_1)
FNDA:1,(anonymous_2)
DA:4,1
DA:7,7
DA:8,7
DA:12,0
DA:16,1
DA:21,1
LF:6
LH:5
BRDA:10,0,0,6
BRDA:10,0,1,1
BRF:2
BRH:2
end_of_record
TN:
SF:/Users/joshuakim/codesmith/react-time-travel/package/index.js
FN:7,(anonymous_0)
FN:7,(anonymous_1)
FN:9,(anonymous_2)
FNF:3
FNH:1
FNDA:0,(anonymous_0)
FNDA:0,(anonymous_1)
FNDA:10,(anonymous_2)
DA:1,1
DA:2,1
DA:4,1
DA:5,1
DA:7,1
DA:9,1
DA:10,10
DA:11,10
DA:15,1
LF:9
LH:9
BRDA:10,0,0,10
BRDA:10,0,1,0
BRF:2
BRH:1
end_of_record
TN:
SF:/Users/joshuakim/codesmith/react-time-travel/package/linkState.js
FN:4,(anonymous_0)
FN:7,sendSnapShot
FN:9,(anonymous_2)
FN:16,(anonymous_3)
FN:21,(anonymous_4)
FN:22,(anonymous_5)
FN:29,newSetState
FN:29,(anonymous_7)
FN:37,(anonymous_8)
FNF:9
FNH:1
FNDA:1,(anonymous_0)
FNDA:0,sendSnapShot
FNDA:0,(anonymous_2)
FNDA:0,(anonymous_3)
FNDA:0,(anonymous_4)
FNDA:0,(anonymous_5)
FNDA:0,newSetState
FNDA:0,(anonymous_7)
FNDA:0,(anonymous_8)
DA:4,1
DA:8,0
DA:9,0
DA:10,0
DA:16,1
DA:18,0
DA:21,0
DA:22,0
DA:26,0
DA:28,0
DA:31,0
DA:32,0
DA:33,0
DA:37,0
DA:38,0
DA:39,0
DA:44,0
LF:17
LH:2
BRDA:8,0,0,0
BRDA:8,0,1,0
BRDA:29,1,0,0
BRDA:31,2,0,0
BRDA:31,2,1,0
BRF:5
BRH:0
end_of_record
TN:
SF:/Users/joshuakim/codesmith/react-time-travel/package/timeJump.js
FN:1,(anonymous_0)
FN:2,(anonymous_1)
FN:4,(anonymous_2)
FNF:3
FNH:3
FNDA:3,(anonymous_0)
FNDA:12,(anonymous_1)
FNDA:36,(anonymous_2)
DA:1,1
DA:2,3
DA:3,12
DA:4,12
DA:5,36
DA:7,12
LF:6
LH:6
BRF:0
BRH:0
end_of_record
